<?xml version="1.0" encoding="UTF-8"?>
<!-- Generated by org.testng.reporters.JUnitReportReporter -->
<testsuite hostname="LAPTOP-GS64E2KG" failures="0" tests="3" name="test.PIMTest" time="2.939" errors="0" timestamp="2022-08-25T16:42:24 IST" skipped="0">
  <testcase classname="test.PIMTest" name="verifyURL" time="1.858"/>
  <system-out/>
  <testcase classname="test.PIMTest" name="verifyPim" time="0.440"/>
  <system-out/>
  <testcase classname="test.PIMTest" name="verifyCheckBoxSelected" time="0.641"/>
  <system-out/>
</testsuite> <!-- test.PIMTest -->
