<?xml version="1.0" encoding="UTF-8"?>
<!-- Generated by org.testng.reporters.JUnitReportReporter -->
<testsuite hostname="LAPTOP-GS64E2KG" failures="0" tests="3" name="test.LoginTest" time="2.667" errors="0" timestamp="2022-08-25T16:42:24 IST" skipped="0">
  <testcase classname="test.LoginTest" name="verifyURL" time="0.020"/>
  <system-out/>
  <testcase classname="test.LoginTest" name="verifyTitle" time="0.013"/>
  <system-out/>
  <testcase classname="test.LoginTest" name="verifyLogin" time="2.634"/>
  <system-out/>
</testsuite> <!-- test.LoginTest -->
